<testsuite failures="1" name="src/test/java/Reqres/Reqres.feature" skipped="0" tests="26" time="20.205357">
  <testcase classname="src.test.java.Reqres.Reqres" name="Get all users on page 20" time="0.856773">
    <system-out>* url 'https://reqres.in/api/' ............................................ passed
Given path 'users?per_page=20' ............................................ passed
When method GET ........................................................... passed
Then status 200 ........................................................... passed
And print response ........................................................ passed</system-out>
  </testcase>
  <testcase classname="src.test.java.Reqres.Reqres" name="Get single user id 2" time="0.366986">
    <system-out>* url 'https://reqres.in/api/' ............................................ passed
Given path 'users?per_page=20' ............................................ passed
When method GET ........................................................... passed
Then status 200 ........................................................... passed
And print response ........................................................ passed
* url 'https://reqres.in/api/' ............................................ passed
Given path 'users/2' ...................................................... passed
When method GET ........................................................... passed
Then status 200 ........................................................... passed
And print response ........................................................ passed</system-out>
  </testcase>
  <testcase classname="src.test.java.Reqres.Reqres" name="User not found" time="0.779714">
    <system-out>* url 'https://reqres.in/api/' ............................................ passed
Given path 'users?per_page=20' ............................................ passed
When method GET ........................................................... passed
Then status 200 ........................................................... passed
And print response ........................................................ passed
* url 'https://reqres.in/api/' ............................................ passed
Given path 'users/2' ...................................................... passed
When method GET ........................................................... passed
Then status 200 ........................................................... passed
And print response ........................................................ passed
* url 'https://reqres.in/api/' ............................................ passed
Given path '/api/users/23' ................................................ passed
When method GET ........................................................... passed
Then status 404 ........................................................... passed
And print response ........................................................ passed</system-out>
  </testcase>
  <testcase classname="src.test.java.Reqres.Reqres" name="List of Users" time="0.734461">
    <system-out>* url 'https://reqres.in/api/' ............................................ passed
Given path 'users?per_page=20' ............................................ passed
When method GET ........................................................... passed
Then status 200 ........................................................... passed
And print response ........................................................ passed
* url 'https://reqres.in/api/' ............................................ passed
Given path 'users/2' ...................................................... passed
When method GET ........................................................... passed
Then status 200 ........................................................... passed
And print response ........................................................ passed
* url 'https://reqres.in/api/' ............................................ passed
Given path '/api/users/23' ................................................ passed
When method GET ........................................................... passed
Then status 404 ........................................................... passed
And print response ........................................................ passed
* url 'https://reqres.in/api/' ............................................ passed
Given path 'unknown' ...................................................... passed
When method GET ........................................................... passed
Then status 200 ........................................................... passed
And print response ........................................................ passed</system-out>
  </testcase>
  <testcase classname="src.test.java.Reqres.Reqres" name="Single user" time="0.346347">
    <system-out>* url 'https://reqres.in/api/' ............................................ passed
Given path 'users?per_page=20' ............................................ passed
When method GET ........................................................... passed
Then status 200 ........................................................... passed
And print response ........................................................ passed
* url 'https://reqres.in/api/' ............................................ passed
Given path 'users/2' ...................................................... passed
When method GET ........................................................... passed
Then status 200 ........................................................... passed
And print response ........................................................ passed
* url 'https://reqres.in/api/' ............................................ passed
Given path '/api/users/23' ................................................ passed
When method GET ........................................................... passed
Then status 404 ........................................................... passed
And print response ........................................................ passed
* url 'https://reqres.in/api/' ............................................ passed
Given path 'unknown' ...................................................... passed
When method GET ........................................................... passed
Then status 200 ........................................................... passed
And print response ........................................................ passed
* url 'https://reqres.in/api/' ............................................ passed
Given path 'unknown/2' .................................................... passed
When method GET ........................................................... passed
Then status 200 ........................................................... passed
And print response ........................................................ passed</system-out>
  </testcase>
  <testcase classname="src.test.java.Reqres.Reqres" name="User not found" time="0.698045">
    <system-out>* url 'https://reqres.in/api/' ............................................ passed
Given path 'users?per_page=20' ............................................ passed
When method GET ........................................................... passed
Then status 200 ........................................................... passed
And print response ........................................................ passed
* url 'https://reqres.in/api/' ............................................ passed
Given path 'users/2' ...................................................... passed
When method GET ........................................................... passed
Then status 200 ........................................................... passed
And print response ........................................................ passed
* url 'https://reqres.in/api/' ............................................ passed
Given path '/api/users/23' ................................................ passed
When method GET ........................................................... passed
Then status 404 ........................................................... passed
And print response ........................................................ passed
* url 'https://reqres.in/api/' ............................................ passed
Given path 'unknown' ...................................................... passed
When method GET ........................................................... passed
Then status 200 ........................................................... passed
And print response ........................................................ passed
* url 'https://reqres.in/api/' ............................................ passed
Given path 'unknown/2' .................................................... passed
When method GET ........................................................... passed
Then status 200 ........................................................... passed
And print response ........................................................ passed
* url 'https://reqres.in/api/' ............................................ passed
Given path 'unknown/23' ................................................... passed
When method GET ........................................................... passed
Then status 404 ........................................................... passed
And print response ........................................................ passed</system-out>
  </testcase>
  <testcase classname="src.test.java.Reqres.Reqres" name="Create user" time="0.713803">
    <system-out>* url 'https://reqres.in/api/' ............................................ passed
Given path 'users?per_page=20' ............................................ passed
When method GET ........................................................... passed
Then status 200 ........................................................... passed
And print response ........................................................ passed
* url 'https://reqres.in/api/' ............................................ passed
Given path 'users/2' ...................................................... passed
When method GET ........................................................... passed
Then status 200 ........................................................... passed
And print response ........................................................ passed
* url 'https://reqres.in/api/' ............................................ passed
Given path '/api/users/23' ................................................ passed
When method GET ........................................................... passed
Then status 404 ........................................................... passed
And print response ........................................................ passed
* url 'https://reqres.in/api/' ............................................ passed
Given path 'unknown' ...................................................... passed
When method GET ........................................................... passed
Then status 200 ........................................................... passed
And print response ........................................................ passed
* url 'https://reqres.in/api/' ............................................ passed
Given path 'unknown/2' .................................................... passed
When method GET ........................................................... passed
Then status 200 ........................................................... passed
And print response ........................................................ passed
* url 'https://reqres.in/api/' ............................................ passed
Given path 'unknown/23' ................................................... passed
When method GET ........................................................... passed
Then status 404 ........................................................... passed
And print response ........................................................ passed
* url 'https://reqres.in/api/' ............................................ passed
Given path 'users' ........................................................ passed
And request {"name": "Waris", "job": "QA Engineer"} ....................... passed
When method POST .......................................................... passed
Then status 201 ........................................................... passed
And print response ........................................................ passed</system-out>
  </testcase>
  <testcase classname="src.test.java.Reqres.Reqres" name="Update user by PUT" time="0.713585">
    <system-out>* url 'https://reqres.in/api/' ............................................ passed
Given path 'users?per_page=20' ............................................ passed
When method GET ........................................................... passed
Then status 200 ........................................................... passed
And print response ........................................................ passed
* url 'https://reqres.in/api/' ............................................ passed
Given path 'users/2' ...................................................... passed
When method GET ........................................................... passed
Then status 200 ........................................................... passed
And print response ........................................................ passed
* url 'https://reqres.in/api/' ............................................ passed
Given path '/api/users/23' ................................................ passed
When method GET ........................................................... passed
Then status 404 ........................................................... passed
And print response ........................................................ passed
* url 'https://reqres.in/api/' ............................................ passed
Given path 'unknown' ...................................................... passed
When method GET ........................................................... passed
Then status 200 ........................................................... passed
And print response ........................................................ passed
* url 'https://reqres.in/api/' ............................................ passed
Given path 'unknown/2' .................................................... passed
When method GET ........................................................... passed
Then status 200 ........................................................... passed
And print response ........................................................ passed
* url 'https://reqres.in/api/' ............................................ passed
Given path 'unknown/23' ................................................... passed
When method GET ........................................................... passed
Then status 404 ........................................................... passed
And print response ........................................................ passed
* url 'https://reqres.in/api/' ............................................ passed
Given path 'users' ........................................................ passed
And request {"name": "Waris", "job": "QA Engineer"} ....................... passed
When method POST .......................................................... passed
Then status 201 ........................................................... passed
And print response ........................................................ passed
* url 'https://reqres.in/api/' ............................................ passed
Given path 'users' ........................................................ passed
And path '2' .............................................................. passed
And request {"name": "norpheus", "job": "zion resident"} .................. passed
When method PUT ........................................................... passed
Then status 200 ........................................................... passed
And print response ........................................................ passed</system-out>
  </testcase>
  <testcase classname="src.test.java.Reqres.Reqres" name="Update user by Patch" time="0.911826">
    <system-out>* url 'https://reqres.in/api/' ............................................ passed
Given path 'users?per_page=20' ............................................ passed
When method GET ........................................................... passed
Then status 200 ........................................................... passed
And print response ........................................................ passed
* url 'https://reqres.in/api/' ............................................ passed
Given path 'users/2' ...................................................... passed
When method GET ........................................................... passed
Then status 200 ........................................................... passed
And print response ........................................................ passed
* url 'https://reqres.in/api/' ............................................ passed
Given path '/api/users/23' ................................................ passed
When method GET ........................................................... passed
Then status 404 ........................................................... passed
And print response ........................................................ passed
* url 'https://reqres.in/api/' ............................................ passed
Given path 'unknown' ...................................................... passed
When method GET ........................................................... passed
Then status 200 ........................................................... passed
And print response ........................................................ passed
* url 'https://reqres.in/api/' ............................................ passed
Given path 'unknown/2' .................................................... passed
When method GET ........................................................... passed
Then status 200 ........................................................... passed
And print response ........................................................ passed
* url 'https://reqres.in/api/' ............................................ passed
Given path 'unknown/23' ................................................... passed
When method GET ........................................................... passed
Then status 404 ........................................................... passed
And print response ........................................................ passed
* url 'https://reqres.in/api/' ............................................ passed
Given path 'users' ........................................................ passed
And request {"name": "Waris", "job": "QA Engineer"} ....................... passed
When method POST .......................................................... passed
Then status 201 ........................................................... passed
And print response ........................................................ passed
* url 'https://reqres.in/api/' ............................................ passed
Given path 'users' ........................................................ passed
And path '2' .............................................................. passed
And request {"name": "norpheus", "job": "zion resident"} .................. passed
When method PUT ........................................................... passed
Then status 200 ........................................................... passed
And print response ........................................................ passed
* url 'https://reqres.in/api/' ............................................ passed
Given path 'users' ........................................................ passed
And path '2' .............................................................. passed
And request {"name": "norpheus", "job": "zion resident"} .................. passed
When method PATCH ......................................................... passed
Then status 200 ........................................................... passed
And print response ........................................................ passed</system-out>
  </testcase>
  <testcase classname="src.test.java.Reqres.Reqres" name="Delete user" time="0.915761">
    <system-out>* url 'https://reqres.in/api/' ............................................ passed
Given path 'users?per_page=20' ............................................ passed
When method GET ........................................................... passed
Then status 200 ........................................................... passed
And print response ........................................................ passed
* url 'https://reqres.in/api/' ............................................ passed
Given path 'users/2' ...................................................... passed
When method GET ........................................................... passed
Then status 200 ........................................................... passed
And print response ........................................................ passed
* url 'https://reqres.in/api/' ............................................ passed
Given path '/api/users/23' ................................................ passed
When method GET ........................................................... passed
Then status 404 ........................................................... passed
And print response ........................................................ passed
* url 'https://reqres.in/api/' ............................................ passed
Given path 'unknown' ...................................................... passed
When method GET ........................................................... passed
Then status 200 ........................................................... passed
And print response ........................................................ passed
* url 'https://reqres.in/api/' ............................................ passed
Given path 'unknown/2' .................................................... passed
When method GET ........................................................... passed
Then status 200 ........................................................... passed
And print response ........................................................ passed
* url 'https://reqres.in/api/' ............................................ passed
Given path 'unknown/23' ................................................... passed
When method GET ........................................................... passed
Then status 404 ........................................................... passed
And print response ........................................................ passed
* url 'https://reqres.in/api/' ............................................ passed
Given path 'users' ........................................................ passed
And request {"name": "Waris", "job": "QA Engineer"} ....................... passed
When method POST .......................................................... passed
Then status 201 ........................................................... passed
And print response ........................................................ passed
* url 'https://reqres.in/api/' ............................................ passed
Given path 'users' ........................................................ passed
And path '2' .............................................................. passed
And request {"name": "norpheus", "job": "zion resident"} .................. passed
When method PUT ........................................................... passed
Then status 200 ........................................................... passed
And print response ........................................................ passed
* url 'https://reqres.in/api/' ............................................ passed
Given path 'users' ........................................................ passed
And path '2' .............................................................. passed
And request {"name": "norpheus", "job": "zion resident"} .................. passed
When method PATCH ......................................................... passed
Then status 200 ........................................................... passed
And print response ........................................................ passed
* url 'https://reqres.in/api/' ............................................ passed
Given path 'users/2' ...................................................... passed
When method DELETE ........................................................ passed
Then status 204 ........................................................... passed
And print response ........................................................ passed</system-out>
  </testcase>
  <testcase classname="src.test.java.Reqres.Reqres" name="User register successfull" time="0.681519">
    <system-out>* url 'https://reqres.in/api/' ............................................ passed
Given path 'users?per_page=20' ............................................ passed
When method GET ........................................................... passed
Then status 200 ........................................................... passed
And print response ........................................................ passed
* url 'https://reqres.in/api/' ............................................ passed
Given path 'users/2' ...................................................... passed
When method GET ........................................................... passed
Then status 200 ........................................................... passed
And print response ........................................................ passed
* url 'https://reqres.in/api/' ............................................ passed
Given path '/api/users/23' ................................................ passed
When method GET ........................................................... passed
Then status 404 ........................................................... passed
And print response ........................................................ passed
* url 'https://reqres.in/api/' ............................................ passed
Given path 'unknown' ...................................................... passed
When method GET ........................................................... passed
Then status 200 ........................................................... passed
And print response ........................................................ passed
* url 'https://reqres.in/api/' ............................................ passed
Given path 'unknown/2' .................................................... passed
When method GET ........................................................... passed
Then status 200 ........................................................... passed
And print response ........................................................ passed
* url 'https://reqres.in/api/' ............................................ passed
Given path 'unknown/23' ................................................... passed
When method GET ........................................................... passed
Then status 404 ........................................................... passed
And print response ........................................................ passed
* url 'https://reqres.in/api/' ............................................ passed
Given path 'users' ........................................................ passed
And request {"name": "Waris", "job": "QA Engineer"} ....................... passed
When method POST .......................................................... passed
Then status 201 ........................................................... passed
And print response ........................................................ passed
* url 'https://reqres.in/api/' ............................................ passed
Given path 'users' ........................................................ passed
And path '2' .............................................................. passed
And request {"name": "norpheus", "job": "zion resident"} .................. passed
When method PUT ........................................................... passed
Then status 200 ........................................................... passed
And print response ........................................................ passed
* url 'https://reqres.in/api/' ............................................ passed
Given path 'users' ........................................................ passed
And path '2' .............................................................. passed
And request {"name": "norpheus", "job": "zion resident"} .................. passed
When method PATCH ......................................................... passed
Then status 200 ........................................................... passed
And print response ........................................................ passed
* url 'https://reqres.in/api/' ............................................ passed
Given path 'users/2' ...................................................... passed
When method DELETE ........................................................ passed
Then status 204 ........................................................... passed
And print response ........................................................ passed
* url 'https://reqres.in/api/' ............................................ passed
Given path 'register' ..................................................... passed
And request {"email": "eve.holt@reqres.in", "password": "waris123"} ....... passed
When method POST .......................................................... passed
Then status 200 ........................................................... passed
And print response ........................................................ passed</system-out>
  </testcase>
  <testcase classname="src.test.java.Reqres.Reqres" name="User register unsuccessfull" time="0.688367">
    <system-out>* url 'https://reqres.in/api/' ............................................ passed
Given path 'users?per_page=20' ............................................ passed
When method GET ........................................................... passed
Then status 200 ........................................................... passed
And print response ........................................................ passed
* url 'https://reqres.in/api/' ............................................ passed
Given path 'users/2' ...................................................... passed
When method GET ........................................................... passed
Then status 200 ........................................................... passed
And print response ........................................................ passed
* url 'https://reqres.in/api/' ............................................ passed
Given path '/api/users/23' ................................................ passed
When method GET ........................................................... passed
Then status 404 ........................................................... passed
And print response ........................................................ passed
* url 'https://reqres.in/api/' ............................................ passed
Given path 'unknown' ...................................................... passed
When method GET ........................................................... passed
Then status 200 ........................................................... passed
And print response ........................................................ passed
* url 'https://reqres.in/api/' ............................................ passed
Given path 'unknown/2' .................................................... passed
When method GET ........................................................... passed
Then status 200 ........................................................... passed
And print response ........................................................ passed
* url 'https://reqres.in/api/' ............................................ passed
Given path 'unknown/23' ................................................... passed
When method GET ........................................................... passed
Then status 404 ........................................................... passed
And print response ........................................................ passed
* url 'https://reqres.in/api/' ............................................ passed
Given path 'users' ........................................................ passed
And request {"name": "Waris", "job": "QA Engineer"} ....................... passed
When method POST .......................................................... passed
Then status 201 ........................................................... passed
And print response ........................................................ passed
* url 'https://reqres.in/api/' ............................................ passed
Given path 'users' ........................................................ passed
And path '2' .............................................................. passed
And request {"name": "norpheus", "job": "zion resident"} .................. passed
When method PUT ........................................................... passed
Then status 200 ........................................................... passed
And print response ........................................................ passed
* url 'https://reqres.in/api/' ............................................ passed
Given path 'users' ........................................................ passed
And path '2' .............................................................. passed
And request {"name": "norpheus", "job": "zion resident"} .................. passed
When method PATCH ......................................................... passed
Then status 200 ........................................................... passed
And print response ........................................................ passed
* url 'https://reqres.in/api/' ............................................ passed
Given path 'users/2' ...................................................... passed
When method DELETE ........................................................ passed
Then status 204 ........................................................... passed
And print response ........................................................ passed
* url 'https://reqres.in/api/' ............................................ passed
Given path 'register' ..................................................... passed
And request {"email": "eve.holt@reqres.in", "password": "waris123"} ....... passed
When method POST .......................................................... passed
Then status 200 ........................................................... passed
And print response ........................................................ passed
* url 'https://reqres.in/api/' ............................................ passed
Given path 'register' ..................................................... passed
And request {"email": "eve.holt@reqres.in"} ............................... passed
When method POST .......................................................... passed
Then status 400 ........................................................... passed
And print response ........................................................ passed
And match response.error == "Missing password" ............................ passed</system-out>
  </testcase>
  <testcase classname="src.test.java.Reqres.Reqres" name="User login successfull" time="0.7213">
    <system-out>* url 'https://reqres.in/api/' ............................................ passed
Given path 'users?per_page=20' ............................................ passed
When method GET ........................................................... passed
Then status 200 ........................................................... passed
And print response ........................................................ passed
* url 'https://reqres.in/api/' ............................................ passed
Given path 'users/2' ...................................................... passed
When method GET ........................................................... passed
Then status 200 ........................................................... passed
And print response ........................................................ passed
* url 'https://reqres.in/api/' ............................................ passed
Given path '/api/users/23' ................................................ passed
When method GET ........................................................... passed
Then status 404 ........................................................... passed
And print response ........................................................ passed
* url 'https://reqres.in/api/' ............................................ passed
Given path 'unknown' ...................................................... passed
When method GET ........................................................... passed
Then status 200 ........................................................... passed
And print response ........................................................ passed
* url 'https://reqres.in/api/' ............................................ passed
Given path 'unknown/2' .................................................... passed
When method GET ........................................................... passed
Then status 200 ........................................................... passed
And print response ........................................................ passed
* url 'https://reqres.in/api/' ............................................ passed
Given path 'unknown/23' ................................................... passed
When method GET ........................................................... passed
Then status 404 ........................................................... passed
And print response ........................................................ passed
* url 'https://reqres.in/api/' ............................................ passed
Given path 'users' ........................................................ passed
And request {"name": "Waris", "job": "QA Engineer"} ....................... passed
When method POST .......................................................... passed
Then status 201 ........................................................... passed
And print response ........................................................ passed
* url 'https://reqres.in/api/' ............................................ passed
Given path 'users' ........................................................ passed
And path '2' .............................................................. passed
And request {"name": "norpheus", "job": "zion resident"} .................. passed
When method PUT ........................................................... passed
Then status 200 ........................................................... passed
And print response ........................................................ passed
* url 'https://reqres.in/api/' ............................................ passed
Given path 'users' ........................................................ passed
And path '2' .............................................................. passed
And request {"name": "norpheus", "job": "zion resident"} .................. passed
When method PATCH ......................................................... passed
Then status 200 ........................................................... passed
And print response ........................................................ passed
* url 'https://reqres.in/api/' ............................................ passed
Given path 'users/2' ...................................................... passed
When method DELETE ........................................................ passed
Then status 204 ........................................................... passed
And print response ........................................................ passed
* url 'https://reqres.in/api/' ............................................ passed
Given path 'register' ..................................................... passed
And request {"email": "eve.holt@reqres.in", "password": "waris123"} ....... passed
When method POST .......................................................... passed
Then status 200 ........................................................... passed
And print response ........................................................ passed
* url 'https://reqres.in/api/' ............................................ passed
Given path 'register' ..................................................... passed
And request {"email": "eve.holt@reqres.in"} ............................... passed
When method POST .......................................................... passed
Then status 400 ........................................................... passed
And print response ........................................................ passed
And match response.error == "Missing password" ............................ passed
* url 'https://reqres.in/api/' ............................................ passed
Given path 'login' ........................................................ passed
And request {"email": "eve.holt@reqres.in", "password": "cityslicka"} ..... passed
When method POST .......................................................... passed
Then status 200 ........................................................... passed
And print response ........................................................ passed</system-out>
  </testcase>
  <testcase classname="src.test.java.Reqres.Reqres" name="User login unsuccessfull" time="0.927539">
    <system-out>* url 'https://reqres.in/api/' ............................................ passed
Given path 'users?per_page=20' ............................................ passed
When method GET ........................................................... passed
Then status 200 ........................................................... passed
And print response ........................................................ passed
* url 'https://reqres.in/api/' ............................................ passed
Given path 'users/2' ...................................................... passed
When method GET ........................................................... passed
Then status 200 ........................................................... passed
And print response ........................................................ passed
* url 'https://reqres.in/api/' ............................................ passed
Given path '/api/users/23' ................................................ passed
When method GET ........................................................... passed
Then status 404 ........................................................... passed
And print response ........................................................ passed
* url 'https://reqres.in/api/' ............................................ passed
Given path 'unknown' ...................................................... passed
When method GET ........................................................... passed
Then status 200 ........................................................... passed
And print response ........................................................ passed
* url 'https://reqres.in/api/' ............................................ passed
Given path 'unknown/2' .................................................... passed
When method GET ........................................................... passed
Then status 200 ........................................................... passed
And print response ........................................................ passed
* url 'https://reqres.in/api/' ............................................ passed
Given path 'unknown/23' ................................................... passed
When method GET ........................................................... passed
Then status 404 ........................................................... passed
And print response ........................................................ passed
* url 'https://reqres.in/api/' ............................................ passed
Given path 'users' ........................................................ passed
And request {"name": "Waris", "job": "QA Engineer"} ....................... passed
When method POST .......................................................... passed
Then status 201 ........................................................... passed
And print response ........................................................ passed
* url 'https://reqres.in/api/' ............................................ passed
Given path 'users' ........................................................ passed
And path '2' .............................................................. passed
And request {"name": "norpheus", "job": "zion resident"} .................. passed
When method PUT ........................................................... passed
Then status 200 ........................................................... passed
And print response ........................................................ passed
* url 'https://reqres.in/api/' ............................................ passed
Given path 'users' ........................................................ passed
And path '2' .............................................................. passed
And request {"name": "norpheus", "job": "zion resident"} .................. passed
When method PATCH ......................................................... passed
Then status 200 ........................................................... passed
And print response ........................................................ passed
* url 'https://reqres.in/api/' ............................................ passed
Given path 'users/2' ...................................................... passed
When method DELETE ........................................................ passed
Then status 204 ........................................................... passed
And print response ........................................................ passed
* url 'https://reqres.in/api/' ............................................ passed
Given path 'register' ..................................................... passed
And request {"email": "eve.holt@reqres.in", "password": "waris123"} ....... passed
When method POST .......................................................... passed
Then status 200 ........................................................... passed
And print response ........................................................ passed
* url 'https://reqres.in/api/' ............................................ passed
Given path 'register' ..................................................... passed
And request {"email": "eve.holt@reqres.in"} ............................... passed
When method POST .......................................................... passed
Then status 400 ........................................................... passed
And print response ........................................................ passed
And match response.error == "Missing password" ............................ passed
* url 'https://reqres.in/api/' ............................................ passed
Given path 'login' ........................................................ passed
And request {"email": "eve.holt@reqres.in", "password": "cityslicka"} ..... passed
When method POST .......................................................... passed
Then status 200 ........................................................... passed
And print response ........................................................ passed
* url 'https://reqres.in/api/' ............................................ passed
Given path 'login' ........................................................ passed
And request {"email": "eve.holt@reqres.in"} ............................... passed
When method POST .......................................................... passed
Then status 400 ........................................................... passed
And print response ........................................................ passed
And match response.error == "Missing password" ............................ passed</system-out>
  </testcase>
  <testcase classname="src.test.java.Reqres.Reqres" name="Deplayed response" time="3.70586">
    <system-out>* url 'https://reqres.in/api/' ............................................ passed
Given path 'users?per_page=20' ............................................ passed
When method GET ........................................................... passed
Then status 200 ........................................................... passed
And print response ........................................................ passed
* url 'https://reqres.in/api/' ............................................ passed
Given path 'users/2' ...................................................... passed
When method GET ........................................................... passed
Then status 200 ........................................................... passed
And print response ........................................................ passed
* url 'https://reqres.in/api/' ............................................ passed
Given path '/api/users/23' ................................................ passed
When method GET ........................................................... passed
Then status 404 ........................................................... passed
And print response ........................................................ passed
* url 'https://reqres.in/api/' ............................................ passed
Given path 'unknown' ...................................................... passed
When method GET ........................................................... passed
Then status 200 ........................................................... passed
And print response ........................................................ passed
* url 'https://reqres.in/api/' ............................................ passed
Given path 'unknown/2' .................................................... passed
When method GET ........................................................... passed
Then status 200 ........................................................... passed
And print response ........................................................ passed
* url 'https://reqres.in/api/' ............................................ passed
Given path 'unknown/23' ................................................... passed
When method GET ........................................................... passed
Then status 404 ........................................................... passed
And print response ........................................................ passed
* url 'https://reqres.in/api/' ............................................ passed
Given path 'users' ........................................................ passed
And request {"name": "Waris", "job": "QA Engineer"} ....................... passed
When method POST .......................................................... passed
Then status 201 ........................................................... passed
And print response ........................................................ passed
* url 'https://reqres.in/api/' ............................................ passed
Given path 'users' ........................................................ passed
And path '2' .............................................................. passed
And request {"name": "norpheus", "job": "zion resident"} .................. passed
When method PUT ........................................................... passed
Then status 200 ........................................................... passed
And print response ........................................................ passed
* url 'https://reqres.in/api/' ............................................ passed
Given path 'users' ........................................................ passed
And path '2' .............................................................. passed
And request {"name": "norpheus", "job": "zion resident"} .................. passed
When method PATCH ......................................................... passed
Then status 200 ........................................................... passed
And print response ........................................................ passed
* url 'https://reqres.in/api/' ............................................ passed
Given path 'users/2' ...................................................... passed
When method DELETE ........................................................ passed
Then status 204 ........................................................... passed
And print response ........................................................ passed
* url 'https://reqres.in/api/' ............................................ passed
Given path 'register' ..................................................... passed
And request {"email": "eve.holt@reqres.in", "password": "waris123"} ....... passed
When method POST .......................................................... passed
Then status 200 ........................................................... passed
And print response ........................................................ passed
* url 'https://reqres.in/api/' ............................................ passed
Given path 'register' ..................................................... passed
And request {"email": "eve.holt@reqres.in"} ............................... passed
When method POST .......................................................... passed
Then status 400 ........................................................... passed
And print response ........................................................ passed
And match response.error == "Missing password" ............................ passed
* url 'https://reqres.in/api/' ............................................ passed
Given path 'login' ........................................................ passed
And request {"email": "eve.holt@reqres.in", "password": "cityslicka"} ..... passed
When method POST .......................................................... passed
Then status 200 ........................................................... passed
And print response ........................................................ passed
* url 'https://reqres.in/api/' ............................................ passed
Given path 'login' ........................................................ passed
And request {"email": "eve.holt@reqres.in"} ............................... passed
When method POST .......................................................... passed
Then status 400 ........................................................... passed
And print response ........................................................ passed
And match response.error == "Missing password" ............................ passed
* url 'https://reqres.in/api/' ............................................ passed
Given path 'users' ........................................................ passed
And param delay = '3' ..................................................... passed
When method GET ........................................................... passed
Then status 200 ........................................................... passed
And print response ........................................................ passed</system-out>
  </testcase>
  <testcase classname="src.test.java.Reqres.Reqres" name="Get user details" time="0.019062">
    <failure message="Reqres.feature:125 - evaluation (js) failed: #(id), javax.script.ScriptException: &lt;eval&gt;:1:0 Expected an operand but found error&#10;#(id)&#10;^ in &lt;eval&gt; at line number 1 at column number 0&#10;stack trace: jdk.scripting.nashorn/jdk.nashorn.api.scripting.NashornScriptEngine.throwAsScriptException(NashornScriptEngine.java:477)">* url 'https://reqres.in/api/' ............................................ passed
Given path 'users?per_page=20' ............................................ passed
When method GET ........................................................... passed
Then status 200 ........................................................... passed
And print response ........................................................ passed
* url 'https://reqres.in/api/' ............................................ passed
Given path 'users/2' ...................................................... passed
When method GET ........................................................... passed
Then status 200 ........................................................... passed
And print response ........................................................ passed
* url 'https://reqres.in/api/' ............................................ passed
Given path '/api/users/23' ................................................ passed
When method GET ........................................................... passed
Then status 404 ........................................................... passed
And print response ........................................................ passed
* url 'https://reqres.in/api/' ............................................ passed
Given path 'unknown' ...................................................... passed
When method GET ........................................................... passed
Then status 200 ........................................................... passed
And print response ........................................................ passed
* url 'https://reqres.in/api/' ............................................ passed
Given path 'unknown/2' .................................................... passed
When method GET ........................................................... passed
Then status 200 ........................................................... passed
And print response ........................................................ passed
* url 'https://reqres.in/api/' ............................................ passed
Given path 'unknown/23' ................................................... passed
When method GET ........................................................... passed
Then status 404 ........................................................... passed
And print response ........................................................ passed
* url 'https://reqres.in/api/' ............................................ passed
Given path 'users' ........................................................ passed
And request {"name": "Waris", "job": "QA Engineer"} ....................... passed
When method POST .......................................................... passed
Then status 201 ........................................................... passed
And print response ........................................................ passed
* url 'https://reqres.in/api/' ............................................ passed
Given path 'users' ........................................................ passed
And path '2' .............................................................. passed
And request {"name": "norpheus", "job": "zion resident"} .................. passed
When method PUT ........................................................... passed
Then status 200 ........................................................... passed
And print response ........................................................ passed
* url 'https://reqres.in/api/' ............................................ passed
Given path 'users' ........................................................ passed
And path '2' .............................................................. passed
And request {"name": "norpheus", "job": "zion resident"} .................. passed
When method PATCH ......................................................... passed
Then status 200 ........................................................... passed
And print response ........................................................ passed
* url 'https://reqres.in/api/' ............................................ passed
Given path 'users/2' ...................................................... passed
When method DELETE ........................................................ passed
Then status 204 ........................................................... passed
And print response ........................................................ passed
* url 'https://reqres.in/api/' ............................................ passed
Given path 'register' ..................................................... passed
And request {"email": "eve.holt@reqres.in", "password": "waris123"} ....... passed
When method POST .......................................................... passed
Then status 200 ........................................................... passed
And print response ........................................................ passed
* url 'https://reqres.in/api/' ............................................ passed
Given path 'register' ..................................................... passed
And request {"email": "eve.holt@reqres.in"} ............................... passed
When method POST .......................................................... passed
Then status 400 ........................................................... passed
And print response ........................................................ passed
And match response.error == "Missing password" ............................ passed
* url 'https://reqres.in/api/' ............................................ passed
Given path 'login' ........................................................ passed
And request {"email": "eve.holt@reqres.in", "password": "cityslicka"} ..... passed
When method POST .......................................................... passed
Then status 200 ........................................................... passed
And print response ........................................................ passed
* url 'https://reqres.in/api/' ............................................ passed
Given path 'login' ........................................................ passed
And request {"email": "eve.holt@reqres.in"} ............................... passed
When method POST .......................................................... passed
Then status 400 ........................................................... passed
And print response ........................................................ passed
And match response.error == "Missing password" ............................ passed
* url 'https://reqres.in/api/' ............................................ passed
Given path 'users' ........................................................ passed
And param delay = '3' ..................................................... passed
When method GET ........................................................... passed
Then status 200 ........................................................... passed
And print response ........................................................ passed
* url 'https://reqres.in/api/' ............................................ passed
Given path 'users' ........................................................ passed
And path #(id) ............................................................ failed

Stack Trace:
com.intuit.karate.exception.KarateException: Reqres.feature:125 - evaluation (js) failed: #(id), javax.script.ScriptException: &lt;eval&gt;:1:0 Expected an operand but found error
#(id)
^ in &lt;eval&gt; at line number 1 at column number 0
stack trace: jdk.scripting.nashorn/jdk.nashorn.api.scripting.NashornScriptEngine.throwAsScriptException(NashornScriptEngine.java:477)
	at ✽.And path #(id) (Reqres.feature:125)

When method GET ........................................................... skipped
Then 200 .................................................................. skipped
And print response ........................................................ skipped</failure>
  </testcase>
  <testcase classname="src.test.java.Reqres.Reqres" name="Select ids from user list and get details of each id" time="0.693671">
    <system-out>* url 'https://reqres.in/api/' ............................................ passed
Given path 'users?per_page=20' ............................................ passed
When method GET ........................................................... passed
Then status 200 ........................................................... passed
And print response ........................................................ passed
* url 'https://reqres.in/api/' ............................................ passed
Given path 'users/2' ...................................................... passed
When method GET ........................................................... passed
Then status 200 ........................................................... passed
And print response ........................................................ passed
* url 'https://reqres.in/api/' ............................................ passed
Given path '/api/users/23' ................................................ passed
When method GET ........................................................... passed
Then status 404 ........................................................... passed
And print response ........................................................ passed
* url 'https://reqres.in/api/' ............................................ passed
Given path 'unknown' ...................................................... passed
When method GET ........................................................... passed
Then status 200 ........................................................... passed
And print response ........................................................ passed
* url 'https://reqres.in/api/' ............................................ passed
Given path 'unknown/2' .................................................... passed
When method GET ........................................................... passed
Then status 200 ........................................................... passed
And print response ........................................................ passed
* url 'https://reqres.in/api/' ............................................ passed
Given path 'unknown/23' ................................................... passed
When method GET ........................................................... passed
Then status 404 ........................................................... passed
And print response ........................................................ passed
* url 'https://reqres.in/api/' ............................................ passed
Given path 'users' ........................................................ passed
And request {"name": "Waris", "job": "QA Engineer"} ....................... passed
When method POST .......................................................... passed
Then status 201 ........................................................... passed
And print response ........................................................ passed
* url 'https://reqres.in/api/' ............................................ passed
Given path 'users' ........................................................ passed
And path '2' .............................................................. passed
And request {"name": "norpheus", "job": "zion resident"} .................. passed
When method PUT ........................................................... passed
Then status 200 ........................................................... passed
And print response ........................................................ passed
* url 'https://reqres.in/api/' ............................................ passed
Given path 'users' ........................................................ passed
And path '2' .............................................................. passed
And request {"name": "norpheus", "job": "zion resident"} .................. passed
When method PATCH ......................................................... passed
Then status 200 ........................................................... passed
And print response ........................................................ passed
* url 'https://reqres.in/api/' ............................................ passed
Given path 'users/2' ...................................................... passed
When method DELETE ........................................................ passed
Then status 204 ........................................................... passed
And print response ........................................................ passed
* url 'https://reqres.in/api/' ............................................ passed
Given path 'register' ..................................................... passed
And request {"email": "eve.holt@reqres.in", "password": "waris123"} ....... passed
When method POST .......................................................... passed
Then status 200 ........................................................... passed
And print response ........................................................ passed
* url 'https://reqres.in/api/' ............................................ passed
Given path 'register' ..................................................... passed
And request {"email": "eve.holt@reqres.in"} ............................... passed
When method POST .......................................................... passed
Then status 400 ........................................................... passed
And print response ........................................................ passed
And match response.error == "Missing password" ............................ passed
* url 'https://reqres.in/api/' ............................................ passed
Given path 'login' ........................................................ passed
And request {"email": "eve.holt@reqres.in", "password": "cityslicka"} ..... passed
When method POST .......................................................... passed
Then status 200 ........................................................... passed
And print response ........................................................ passed
* url 'https://reqres.in/api/' ............................................ passed
Given path 'login' ........................................................ passed
And request {"email": "eve.holt@reqres.in"} ............................... passed
When method POST .......................................................... passed
Then status 400 ........................................................... passed
And print response ........................................................ passed
And match response.error == "Missing password" ............................ passed
* url 'https://reqres.in/api/' ............................................ passed
Given path 'users' ........................................................ passed
And param delay = '3' ..................................................... passed
When method GET ........................................................... passed
Then status 200 ........................................................... passed
And print response ........................................................ passed
* url 'https://reqres.in/api/' ............................................ passed
Given path 'users' ........................................................ passed
And path #(id) ............................................................ failed

Stack Trace:
com.intuit.karate.exception.KarateException: Reqres.feature:125 - evaluation (js) failed: #(id), javax.script.ScriptException: &lt;eval&gt;:1:0 Expected an operand but found error
#(id)
^ in &lt;eval&gt; at line number 1 at column number 0
stack trace: jdk.scripting.nashorn/jdk.nashorn.api.scripting.NashornScriptEngine.throwAsScriptException(NashornScriptEngine.java:477)
	at ✽.And path #(id) (Reqres.feature:125)

When method GET ........................................................... skipped
Then 200 .................................................................. skipped
And print response ........................................................ skipped
* url 'https://reqres.in/api/' ............................................ passed
Given path 'users' ........................................................ passed
And path id ............................................................... passed
When method GET ........................................................... passed
Then status 200 ........................................................... passed
And print response ........................................................ passed</system-out>
  </testcase>
  <testcase classname="src.test.java.Reqres.Reqres" name="Select ids from user list and get details of each id" time="0.391188">
    <system-out>* url 'https://reqres.in/api/' ............................................ passed
Given path 'users?per_page=20' ............................................ passed
When method GET ........................................................... passed
Then status 200 ........................................................... passed
And print response ........................................................ passed
* url 'https://reqres.in/api/' ............................................ passed
Given path 'users/2' ...................................................... passed
When method GET ........................................................... passed
Then status 200 ........................................................... passed
And print response ........................................................ passed
* url 'https://reqres.in/api/' ............................................ passed
Given path '/api/users/23' ................................................ passed
When method GET ........................................................... passed
Then status 404 ........................................................... passed
And print response ........................................................ passed
* url 'https://reqres.in/api/' ............................................ passed
Given path 'unknown' ...................................................... passed
When method GET ........................................................... passed
Then status 200 ........................................................... passed
And print response ........................................................ passed
* url 'https://reqres.in/api/' ............................................ passed
Given path 'unknown/2' .................................................... passed
When method GET ........................................................... passed
Then status 200 ........................................................... passed
And print response ........................................................ passed
* url 'https://reqres.in/api/' ............................................ passed
Given path 'unknown/23' ................................................... passed
When method GET ........................................................... passed
Then status 404 ........................................................... passed
And print response ........................................................ passed
* url 'https://reqres.in/api/' ............................................ passed
Given path 'users' ........................................................ passed
And request {"name": "Waris", "job": "QA Engineer"} ....................... passed
When method POST .......................................................... passed
Then status 201 ........................................................... passed
And print response ........................................................ passed
* url 'https://reqres.in/api/' ............................................ passed
Given path 'users' ........................................................ passed
And path '2' .............................................................. passed
And request {"name": "norpheus", "job": "zion resident"} .................. passed
When method PUT ........................................................... passed
Then status 200 ........................................................... passed
And print response ........................................................ passed
* url 'https://reqres.in/api/' ............................................ passed
Given path 'users' ........................................................ passed
And path '2' .............................................................. passed
And request {"name": "norpheus", "job": "zion resident"} .................. passed
When method PATCH ......................................................... passed
Then status 200 ........................................................... passed
And print response ........................................................ passed
* url 'https://reqres.in/api/' ............................................ passed
Given path 'users/2' ...................................................... passed
When method DELETE ........................................................ passed
Then status 204 ........................................................... passed
And print response ........................................................ passed
* url 'https://reqres.in/api/' ............................................ passed
Given path 'register' ..................................................... passed
And request {"email": "eve.holt@reqres.in", "password": "waris123"} ....... passed
When method POST .......................................................... passed
Then status 200 ........................................................... passed
And print response ........................................................ passed
* url 'https://reqres.in/api/' ............................................ passed
Given path 'register' ..................................................... passed
And request {"email": "eve.holt@reqres.in"} ............................... passed
When method POST .......................................................... passed
[...]
When method POST .......................................................... passed
Then status 400 ........................................................... passed
And print response ........................................................ passed
And match response.error == "Missing password" ............................ passed
* url 'https://reqres.in/api/' ............................................ passed
Given path 'login' ........................................................ passed
And request {"email": "eve.holt@reqres.in", "password": "cityslicka"} ..... passed
When method POST .......................................................... passed
Then status 200 ........................................................... passed
And print response ........................................................ passed
* url 'https://reqres.in/api/' ............................................ passed
Given path 'login' ........................................................ passed
And request {"email": "eve.holt@reqres.in"} ............................... passed
When method POST .......................................................... passed
Then status 400 ........................................................... passed
And print response ........................................................ passed
And match response.error == "Missing password" ............................ passed
* url 'https://reqres.in/api/' ............................................ passed
Given path 'users' ........................................................ passed
And param delay = '3' ..................................................... passed
When method GET ........................................................... passed
Then status 200 ........................................................... passed
And print response ........................................................ passed
* url 'https://reqres.in/api/' ............................................ passed
Given path 'users' ........................................................ passed
And path #(id) ............................................................ failed

Stack Trace:
com.intuit.karate.exception.KarateException: Reqres.feature:125 - evaluation (js) failed: #(id), javax.script.ScriptException: &lt;eval&gt;:1:0 Expected an operand but found error
#(id)
^ in &lt;eval&gt; at line number 1 at column number 0
stack trace: jdk.scripting.nashorn/jdk.nashorn.api.scripting.NashornScriptEngine.throwAsScriptException(NashornScriptEngine.java:477)
	at ✽.And path #(id) (Reqres.feature:125)

When method GET ........................................................... skipped
Then 200 .................................................................. skipped
And print response ........................................................ skipped
* url 'https://reqres.in/api/' ............................................ passed
Given path 'users' ........................................................ passed
And path id ............................................................... passed
When method GET ........................................................... passed
Then status 200 ........................................................... passed
And print response ........................................................ passed
* url 'https://reqres.in/api/' ............................................ passed
Given path 'users' ........................................................ passed
And path id ............................................................... passed
When method GET ........................................................... passed
Then status 200 ........................................................... passed
And print response ........................................................ passed
* url 'https://reqres.in/api/' ............................................ passed
Given path 'users' ........................................................ passed
And path id ............................................................... passed
When method GET ........................................................... passed
Then status 200 ........................................................... passed
And print response ........................................................ passed
* url 'https://reqres.in/api/' ............................................ passed
Given path 'users' ........................................................ passed
And path id ............................................................... passed
When method GET ........................................................... passed
Then status 200 ........................................................... passed
And print response ........................................................ passed
* url 'https://reqres.in/api/' ............................................ passed
Given path 'users' ........................................................ passed
And path id ............................................................... passed
When method GET ........................................................... passed
Then status 200 ........................................................... passed
And print response ........................................................ passed
* url 'https://reqres.in/api/' ............................................ passed
Given path 'users' ........................................................ passed
And path id ............................................................... passed
When method DELETE ........................................................ passed
And print response ........................................................ passed
* url 'https://reqres.in/api/' ............................................ passed
Given path 'users' ........................................................ passed
And path id ............................................................... passed
When method DELETE ........................................................ passed
And print response ........................................................ passed
* url 'https://reqres.in/api/' ............................................ passed
Given path 'users' ........................................................ passed
And path id ............................................................... passed
When method DELETE ........................................................ passed
And print response ........................................................ passed
* url 'https://reqres.in/api/' ............................................ passed
Given path 'users' ........................................................ passed
And path id ............................................................... passed
When method DELETE ........................................................ passed
And print response ........................................................ passed</system-out>
  </testcase>
  <testcase classname="src.test.java.Reqres.Reqres" name="Select ids from user list and get details of each id" time="0.710061">
    <system-out>* url 'https://reqres.in/api/' ............................................ passed
Given path 'users?per_page=20' ............................................ passed
When method GET ........................................................... passed
Then status 200 ........................................................... passed
And print response ........................................................ passed
* url 'https://reqres.in/api/' ............................................ passed
Given path 'users/2' ...................................................... passed
When method GET ........................................................... passed
Then status 200 ........................................................... passed
And print response ........................................................ passed
* url 'https://reqres.in/api/' ............................................ passed
Given path '/api/users/23' ................................................ passed
When method GET ........................................................... passed
Then status 404 ........................................................... passed
And print response ........................................................ passed
* url 'https://reqres.in/api/' ............................................ passed
Given path 'unknown' ...................................................... passed
When method GET ........................................................... passed
Then status 200 ........................................................... passed
And print response ........................................................ passed
* url 'https://reqres.in/api/' ............................................ passed
Given path 'unknown/2' .................................................... passed
When method GET ........................................................... passed
Then status 200 ........................................................... passed
And print response ........................................................ passed
* url 'https://reqres.in/api/' ............................................ passed
Given path 'unknown/23' ................................................... passed
When method GET ........................................................... passed
Then status 404 ........................................................... passed
And print response ........................................................ passed
* url 'https://reqres.in/api/' ............................................ passed
Given path 'users' ........................................................ passed
And request {"name": "Waris", "job": "QA Engineer"} ....................... passed
When method POST .......................................................... passed
Then status 201 ........................................................... passed
And print response ........................................................ passed
* url 'https://reqres.in/api/' ............................................ passed
Given path 'users' ........................................................ passed
And path '2' .............................................................. passed
And request {"name": "norpheus", "job": "zion resident"} .................. passed
When method PUT ........................................................... passed
Then status 200 ........................................................... passed
And print response ........................................................ passed
* url 'https://reqres.in/api/' ............................................ passed
Given path 'users' ........................................................ passed
And path '2' .............................................................. passed
And request {"name": "norpheus", "job": "zion resident"} .................. passed
When method PATCH ......................................................... passed
Then status 200 ........................................................... passed
And print response ........................................................ passed
* url 'https://reqres.in/api/' ............................................ passed
Given path 'users/2' ...................................................... passed
When method DELETE ........................................................ passed
Then status 204 ........................................................... passed
And print response ........................................................ passed
* url 'https://reqres.in/api/' ............................................ passed
Given path 'register' ..................................................... passed
And request {"email": "eve.holt@reqres.in", "password": "waris123"} ....... passed
When method POST .......................................................... passed
Then status 200 ........................................................... passed
And print response ........................................................ passed
* url 'https://reqres.in/api/' ............................................ passed
Given path 'register' ..................................................... passed
And request {"email": "eve.holt@reqres.in"} ............................... passed
When method POST .......................................................... passed
Then status 400 ........................................................... passed
And print response ........................................................ passed
And match response.error == "Missing password" ............................ passed
* url 'https://reqres.in/api/' ............................................ passed
Given path 'login' ........................................................ passed
And request {"email": "eve.holt@reqres.in", "password": "cityslicka"} ..... passed
When method POST .......................................................... passed
Then status 200 ........................................................... passed
And print response ........................................................ passed
* url 'https://reqres.in/api/' ............................................ passed
Given path 'login' ........................................................ passed
And request {"email": "eve.holt@reqres.in"} ............................... passed
When method POST .......................................................... passed
Then status 400 ........................................................... passed
And print response ........................................................ passed
And match response.error == "Missing password" ............................ passed
* url 'https://reqres.in/api/' ............................................ passed
Given path 'users' ........................................................ passed
And param delay = '3' ..................................................... passed
When method GET ........................................................... passed
Then status 200 ........................................................... passed
And print response ........................................................ passed
* url 'https://reqres.in/api/' ............................................ passed
Given path 'users' ........................................................ passed
And path #(id) ............................................................ failed

Stack Trace:
com.intuit.karate.exception.KarateException: Reqres.feature:125 - evaluation (js) failed: #(id), javax.script.ScriptException: &lt;eval&gt;:1:0 Expected an operand but found error
#(id)
^ in &lt;eval&gt; at line number 1 at column number 0
stack trace: jdk.scripting.nashorn/jdk.nashorn.api.scripting.NashornScriptEngine.throwAsScriptException(NashornScriptEngine.java:477)
	at ✽.And path #(id) (Reqres.feature:125)

When method GET ........................................................... skipped
Then 200 .................................................................. skipped
And print response ........................................................ skipped
* url 'https://reqres.in/api/' ............................................ passed
Given path 'users' ........................................................ passed
And path id ............................................................... passed
When method GET ........................................................... passed
Then status 200 ........................................................... passed
And print response ........................................................ passed
* url 'https://reqres.in/api/' ............................................ passed
Given path 'users' ........................................................ passed
And path id ............................................................... passed
When method GET ........................................................... passed
Then status 200 ........................................................... passed
And print response ........................................................ passed
* url 'https://reqres.in/api/' ............................................ passed
Given path 'users' ........................................................ passed
And path id ............................................................... passed
When method GET ........................................................... passed
Then status 200 ........................................................... passed
And print response ........................................................ passed
* url 'https://reqres.in/api/' ............................................ passed
Given path 'users' ........................................................ passed
And path id ............................................................... passed
When method GET ........................................................... passed
Then status 200 ........................................................... passed
And print response ........................................................ passed
* url 'https://reqres.in/api/' ............................................ passed
Given path 'users' ........................................................ passed
And path id ............................................................... passed
When method GET ........................................................... passed
Then status 200 ........................................................... passed
And print response ........................................................ passed
* url 'https://reqres.in/api/' ............................................ passed
Given path 'users' ........................................................ passed
And path id ............................................................... passed
When method DELETE ........................................................ passed
And print response ........................................................ passed
* url 'https://reqres.in/api/' ............................................ passed
Given path 'users' ........................................................ passed
And path id ............................................................... passed
When method DELETE ........................................................ passed
And print response ........................................................ passed
* url 'https://reqres.in/api/' ............................................ passed
Given path 'users' ........................................................ passed
And path id ............................................................... passed
When method DELETE ........................................................ passed
And print response ........................................................ passed
* url 'https://reqres.in/api/' ............................................ passed
Given path 'users' ........................................................ passed
And path id ............................................................... passed
When method DELETE ........................................................ passed
And print response ........................................................ passed
* url 'https://reqres.in/api/' ............................................ passed
Given path 'users' ........................................................ passed
And path id ............................................................... passed
When method DELETE ........................................................ passed
And print response ........................................................ passed</system-out>
  </testcase>
</testsuite>
